2020-04-24 12:36:15.943  INFO 4676 --- [restartedMain] com.example.demo.DemoApplication         : Starting DemoApplication on HAN-air with PID 4676 (C:\Users\11437\IdeaProjects\demo\target\classes started by admin in C:\Users\11437\IdeaProjects\demo)
2020-04-24 12:36:15.963 DEBUG 4676 --- [restartedMain] com.example.demo.DemoApplication         : Running with Spring Boot v2.2.4.RELEASE, Spring v5.2.3.RELEASE
2020-04-24 12:36:15.983  INFO 4676 --- [restartedMain] com.example.demo.DemoApplication         : No active profile set, falling back to default profiles: default
2020-04-24 12:36:16.203  INFO 4676 --- [restartedMain] o.s.b.devtools.restart.ChangeableUrls    : The Class-Path manifest attribute in C:\maven\apache-maven-3.6.1-bin\apache-maven-3.6.1\repo\commons-logging\commons-logging\1.0.3\commons-logging-1.0.3.jar referenced one or more files that do not exist: file:/C:/maven/apache-maven-3.6.1-bin/apache-maven-3.6.1/repo/commons-logging/commons-logging/1.0.3/log4j.jar,file:/C:/maven/apache-maven-3.6.1-bin/apache-maven-3.6.1/repo/commons-logging/commons-logging/1.0.3/log4j-core.jar
2020-04-24 12:36:16.203  INFO 4676 --- [restartedMain] .e.DevToolsPropertyDefaultsPostProcessor : Devtools property defaults active! Set 'spring.devtools.add-properties' to 'false' to disable
2020-04-24 12:36:16.203  INFO 4676 --- [restartedMain] .e.DevToolsPropertyDefaultsPostProcessor : For additional web related logging consider setting the 'logging.level.web' property to 'DEBUG'
2020-04-24 12:36:17.912  INFO 4676 --- [restartedMain] .s.d.r.c.RepositoryConfigurationDelegate : Multiple Spring Data modules found, entering strict repository configuration mode!
2020-04-24 12:36:17.922  INFO 4676 --- [restartedMain] .s.d.r.c.RepositoryConfigurationDelegate : Bootstrapping Spring Data Redis repositories in DEFAULT mode.
2020-04-24 12:36:17.992  INFO 4676 --- [restartedMain] .s.d.r.c.RepositoryConfigurationDelegate : Finished Spring Data repository scanning in 39ms. Found 0 Redis repository interfaces.
2020-04-24 12:36:18.932  INFO 4676 --- [restartedMain] trationDelegate$BeanPostProcessorChecker : Bean 'org.springframework.transaction.annotation.ProxyTransactionManagementConfiguration' of type [org.springframework.transaction.annotation.ProxyTransactionManagementConfiguration] is not eligible for getting processed by all BeanPostProcessors (for example: not eligible for auto-proxying)
2020-04-24 12:36:20.291 ERROR 4676 --- [restartedMain] o.a.catalina.core.AprLifecycleListener   : An incompatible version [1.1.22] of the APR based Apache Tomcat Native library is installed, while Tomcat requires version [1.2.14]
2020-04-24 12:36:20.551 ERROR 4676 --- [restartedMain] o.a.catalina.core.AprLifecycleListener   : An incompatible version [1.1.22] of the APR based Apache Tomcat Native library is installed, while Tomcat requires version [1.2.14]
2020-04-24 12:36:20.801  INFO 4676 --- [restartedMain] o.s.b.w.embedded.tomcat.TomcatWebServer  : Tomcat initialized with port(s): 8081 (http)
2020-04-24 12:36:20.811 ERROR 4676 --- [restartedMain] o.a.catalina.core.AprLifecycleListener   : An incompatible version [1.1.22] of the APR based Apache Tomcat Native library is installed, while Tomcat requires version [1.2.14]
2020-04-24 12:36:20.811  INFO 4676 --- [restartedMain] o.apache.catalina.core.StandardService   : Starting service [Tomcat]
2020-04-24 12:36:20.811  INFO 4676 --- [restartedMain] org.apache.catalina.core.StandardEngine  : Starting Servlet engine: [Apache Tomcat/9.0.30]
2020-04-24 12:36:20.981  INFO 4676 --- [restartedMain] o.a.c.c.C.[Tomcat].[localhost].[/]       : Initializing Spring embedded WebApplicationContext
2020-04-24 12:36:20.981  INFO 4676 --- [restartedMain] o.s.web.context.ContextLoader            : Root WebApplicationContext: initialization completed in 4778 ms
2020-04-24 12:36:21.850  INFO 4676 --- [restartedMain] .s.s.UserDetailsServiceAutoConfiguration : 

Using generated security password: 0ff9b6d7-1d44-405d-9c06-6918542e7714

2020-04-24 12:36:21.960  INFO 4676 --- [restartedMain] o.s.s.web.DefaultSecurityFilterChain     : Creating filter chain: any request, [org.springframework.security.web.context.request.async.WebAsyncManagerIntegrationFilter@36131a9e, org.springframework.security.web.context.SecurityContextPersistenceFilter@4bcd21e1, org.springframework.security.web.header.HeaderWriterFilter@4bfbd424, org.springframework.security.web.csrf.CsrfFilter@3d7443b2, org.springframework.security.web.authentication.logout.LogoutFilter@11b0cc8d, org.springframework.security.web.savedrequest.RequestCacheAwareFilter@56537af2, org.springframework.security.web.servletapi.SecurityContextHolderAwareRequestFilter@16747f69, org.springframework.security.web.authentication.AnonymousAuthenticationFilter@1e88e124, org.springframework.security.web.session.SessionManagementFilter@456b8d4f, org.springframework.security.web.access.ExceptionTranslationFilter@af5eb07]
2020-04-24 12:36:22.260  INFO 4676 --- [restartedMain] o.s.s.concurrent.ThreadPoolTaskExecutor  : Initializing ExecutorService 'applicationTaskExecutor'
2020-04-24 12:36:22.420  INFO 4676 --- [restartedMain] o.s.b.a.w.s.WelcomePageHandlerMapping    : Adding welcome page template: index
2020-04-24 12:36:23.429  INFO 4676 --- [restartedMain] o.s.b.d.a.OptionalLiveReloadServer       : LiveReload server is running on port 35729
2020-04-24 12:36:23.539  INFO 4676 --- [restartedMain] o.s.b.w.embedded.tomcat.TomcatWebServer  : Tomcat started on port(s): 8081 (http) with context path ''
2020-04-24 12:36:23.539  INFO 4676 --- [restartedMain] com.example.demo.DemoApplication         : Started DemoApplication in 8.315 seconds (JVM running for 11.178)
2020-04-24 12:36:32.953  INFO 4676 --- [http-nio-8081-exec-1] o.a.c.c.C.[Tomcat].[localhost].[/]       : Initializing Spring DispatcherServlet 'dispatcherServlet'
2020-04-24 12:36:32.954  INFO 4676 --- [http-nio-8081-exec-1] o.s.web.servlet.DispatcherServlet        : Initializing Servlet 'dispatcherServlet'
2020-04-24 12:36:33.048  INFO 4676 --- [http-nio-8081-exec-1] o.s.web.servlet.DispatcherServlet        : Completed initialization in 46 ms
2020-04-24 15:47:03.464  INFO 4676 --- [http-nio-8081-exec-6] com.zaxxer.hikari.HikariDataSource       : HikariPool-1 - Starting...
2020-04-24 15:47:04.014  INFO 4676 --- [http-nio-8081-exec-6] com.zaxxer.hikari.HikariDataSource       : HikariPool-1 - Start completed.
2020-04-24 15:47:04.034 DEBUG 4676 --- [http-nio-8081-exec-6] c.example.demo.mapper.UserMapper.login   : ==>  Preparing: select * from user where email=? and password=? 
2020-04-24 15:47:04.034 DEBUG 4676 --- [http-nio-8081-exec-9] c.example.demo.mapper.UserMapper.login   : ==>  Preparing: select * from user where email=? and password=? 
2020-04-24 15:47:04.064 DEBUG 4676 --- [http-nio-8081-exec-9] c.example.demo.mapper.UserMapper.login   : ==> Parameters: 123@qq.com(String), 123(String)
2020-04-24 15:47:04.064 DEBUG 4676 --- [http-nio-8081-exec-6] c.example.demo.mapper.UserMapper.login   : ==> Parameters: 123@qq.com(String), 123(String)
2020-04-24 15:47:04.144 TRACE 4676 --- [http-nio-8081-exec-6] c.example.demo.mapper.UserMapper.login   : <==    Columns: user_id, password, role, country_id, email, mobile, icon, name, birthday, uuid
2020-04-24 15:47:04.144 TRACE 4676 --- [http-nio-8081-exec-9] c.example.demo.mapper.UserMapper.login   : <==    Columns: user_id, password, role, country_id, email, mobile, icon, name, birthday, uuid
2020-04-24 15:47:04.144 TRACE 4676 --- [http-nio-8081-exec-9] c.example.demo.mapper.UserMapper.login   : <==        Row: 5127, 123, 2, 2, 123@qq.com, 123, /images/icons/user.png, 92d71, 1982-09-15, null
2020-04-24 15:47:04.144 TRACE 4676 --- [http-nio-8081-exec-6] c.example.demo.mapper.UserMapper.login   : <==        Row: 5127, 123, 2, 2, 123@qq.com, 123, /images/icons/user.png, 92d71, 1982-09-15, null
2020-04-24 15:47:04.154 DEBUG 4676 --- [http-nio-8081-exec-9] c.example.demo.mapper.UserMapper.login   : <==      Total: 1
2020-04-24 15:47:04.154 DEBUG 4676 --- [http-nio-8081-exec-6] c.example.demo.mapper.UserMapper.login   : <==      Total: 1
